time         100   recID           7   pktID          0   srcID           7   dstID 4294967295   preID          7   nexID          7
time         100   senID           7   pktID          0   srcID           7   dstID 4294967295   preID          7   nexID          8
time         110   recID           8   pktID          0   srcID           7   dstID 4294967295   preID          7   nexID          8
time         110   senID           8   pktID          0   srcID           7   dstID 4294967295   preID          8   nexID          5
time         120   recID           0   pktID          1   srcID           0   dstID 4294967295   preID          0   nexID          0
time         120   recID           5   pktID          0   srcID           7   dstID 4294967295   preID          8   nexID          5
time         120   senID           0   pktID          1   srcID           0   dstID 4294967295   preID          0   nexID          7
time         120   senID           5   pktID          0   srcID           7   dstID 4294967295   preID          5   nexID          4
time         130   recID           4   pktID          0   srcID           7   dstID 4294967295   preID          5   nexID          4
time         130   senID           4   pktID          0   srcID           7   dstID 4294967295   preID          4   nexID          3
time         130   recID           7   pktID          1   srcID           0   dstID 4294967295   preID          0   nexID          7
time         130   senID           7   pktID          1   srcID           0   dstID 4294967295   preID          7   nexID          8
time         140   recID           3   pktID          0   srcID           7   dstID 4294967295   preID          4   nexID          3
time         140   recID           8   pktID          1   srcID           0   dstID 4294967295   preID          7   nexID          8
time         140   senID           8   pktID          1   srcID           0   dstID 4294967295   preID          8   nexID          5
time         140   recID           4   pktID          2   srcID           4   dstID 4294967295   preID          4   nexID          4
time         140   senID           3   pktID          0   srcID           7   dstID 4294967295   preID          3   nexID          2
time         140   senID           4   pktID          2   srcID           4   dstID 4294967295   preID          4   nexID          5
time         150   recID           2   pktID          0   srcID           7   dstID 4294967295   preID          3   nexID          2
time         150   recID           5   pktID          1   srcID           0   dstID 4294967295   preID          8   nexID          5
time         150   recID           5   pktID          2   srcID           4   dstID 4294967295   preID          4   nexID          5
time         150   senID           5   pktID          2   srcID           4   dstID 4294967295   preID          5   nexID          8
time         150   senID           5   pktID          1   srcID           0   dstID 4294967295   preID          5   nexID          4
time         160   recID           8   pktID          2   srcID           4   dstID 4294967295   preID          5   nexID          8
time         160   recID           2   pktID          3   srcID           2   dstID 4294967295   preID          2   nexID          2
time         160   recID           4   pktID          1   srcID           0   dstID 4294967295   preID          5   nexID          4
time         160   senID           4   pktID          1   srcID           0   dstID 4294967295   preID          4   nexID          3
time         160   senID           8   pktID          2   srcID           4   dstID 4294967295   preID          8   nexID          7
time         160   senID           2   pktID          3   srcID           2   dstID 4294967295   preID          2   nexID          1
time         170   recID           7   pktID          2   srcID           4   dstID 4294967295   preID          8   nexID          7
time         170   recID           3   pktID          1   srcID           0   dstID 4294967295   preID          4   nexID          3
time         170   senID           3   pktID          1   srcID           0   dstID 4294967295   preID          3   nexID          2
time         170   recID           1   pktID          3   srcID           2   dstID 4294967295   preID          2   nexID          1
time         170   senID           1   pktID          3   srcID           2   dstID 4294967295   preID          1   nexID          0
time         170   senID           7   pktID          2   srcID           4   dstID 4294967295   preID          7   nexID          0
time         180   recID           0   pktID          3   srcID           2   dstID 4294967295   preID          1   nexID          0
time         180   recID           2   pktID          1   srcID           0   dstID 4294967295   preID          3   nexID          2
time         180   recID           6   pktID          4   srcID           6   dstID 4294967295   preID          6   nexID          6
time         180   senID           6   pktID          4   srcID           6   dstID 4294967295   preID          6   nexID          8
time         180   senID           0   pktID          3   srcID           2   dstID 4294967295   preID          0   nexID          7
time         180   recID           0   pktID          2   srcID           4   dstID 4294967295   preID          7   nexID          0
time         180   senID           0   pktID          2   srcID           4   dstID 4294967295   preID          0   nexID          1
time         190   recID           7   pktID          3   srcID           2   dstID 4294967295   preID          0   nexID          7
time         190   recID           8   pktID          4   srcID           6   dstID 4294967295   preID          6   nexID          8
time         190   senID           8   pktID          4   srcID           6   dstID 4294967295   preID          8   nexID          7
time         190   recID           1   pktID          2   srcID           4   dstID 4294967295   preID          0   nexID          1
time         190   senID           1   pktID          2   srcID           4   dstID 4294967295   preID          1   nexID          2
time         190   senID           7   pktID          3   srcID           2   dstID 4294967295   preID          7   nexID          8
time         200   recID           8   pktID          3   srcID           2   dstID 4294967295   preID          7   nexID          8
time         200   recID           2   pktID          2   srcID           4   dstID 4294967295   preID          1   nexID          2
time         200   recID           7   pktID          4   srcID           6   dstID 4294967295   preID          8   nexID          7
time         200   senID           7   pktID          4   srcID           6   dstID 4294967295   preID          7   nexID          0
time         210   recID           0   pktID          4   srcID           6   dstID 4294967295   preID          7   nexID          0
time         210   senID           0   pktID          4   srcID           6   dstID 4294967295   preID          0   nexID          1
time         220   recID           1   pktID          4   srcID           6   dstID 4294967295   preID          0   nexID          1
time         220   senID           1   pktID          4   srcID           6   dstID 4294967295   preID          1   nexID          2
time         230   recID           2   pktID          4   srcID           6   dstID 4294967295   preID          1   nexID          2
time         250   recID           8   pktID          7   srcID           8   dstID          0   preID          8   nexID          8
The proxy of node 0 is 1
time         250   recID           3   pktID          5   srcID           3   dstID          4   preID          3   nexID          3
time         250   senID           3   pktID          5   srcID           3   dstID          4   preID          3   nexID          2
time         250   recID           5   pktID          6   srcID           5   dstID          3   preID          5   nexID          5
time         250   senID           5   pktID          6   srcID           5   dstID          3   preID          5   nexID          8
time         260   recID           2   pktID          5   srcID           3   dstID          4   preID          3   nexID          2
The proxy of node 4 is 4
time         260   recID           8   pktID          6   srcID           5   dstID          3   preID          5   nexID          8
time         260   senID           8   pktID          6   srcID           5   dstID          3   preID          8   nexID          7
time         270   recID           7   pktID          6   srcID           5   dstID          3   preID          8   nexID          7
time         270   senID           7   pktID          6   srcID           5   dstID          3   preID          7   nexID          0
time         280   recID           0   pktID          6   srcID           5   dstID          3   preID          7   nexID          0
time         280   senID           0   pktID          6   srcID           5   dstID          3   preID          0   nexID          1
time         290   recID           1   pktID          6   srcID           5   dstID          3   preID          0   nexID          1
time         290   senID           1   pktID          6   srcID           5   dstID          3   preID          1   nexID          2
time         300   recID           2   pktID          6   srcID           5   dstID          3   preID          1   nexID          2
The proxy of node 3 not found!
